[2024-05-13 05:05:27] request.INFO: Matched route "admin_mbo_catalog_module". {"route":"admin_mbo_catalog_module","route_parameters":{"_route":"admin_mbo_catalog_module","_controller":"mbo.controller.modules.catalog:indexAction","_legacy_controller":"AdminPsMboModule","_legacy_link":["AdminPsMboModuleParent","AdminPsMboModule"]},"request_uri":"http://localhost:8888/backoffice/index.php/modules/mbo/modules/catalog/?_token=FCgq2MOnLCGhwDNrkTEYA39FbBfAZSifYg_vesZqunw","method":"GET"} []
[2024-05-13 05:05:30] security.DEBUG: Read existing security token from the session. {"key":"_security_main","token_class":"Symfony\\Component\\Security\\Core\\Authentication\\Token\\UsernamePasswordToken"} []
[2024-05-13 05:05:30] security.DEBUG: User was reloaded from a user provider. {"provider":"PrestaShopBundle\\Security\\Admin\\EmployeeProvider","username":"yazan.aakel@gmail.com"} []
[2024-05-13 05:05:33] request.CRITICAL: Uncaught PHP Exception Symfony\Component\ErrorHandler\Error\FatalError: "Error: Maximum execution time of 30 seconds exceeded" at /Users/yazanaakel/Sites/localhost/vendor/symfony/symfony/src/Symfony/Component/Translation/Util/XliffUtils.php line 68 {"exception":"[object] (Symfony\\Component\\ErrorHandler\\Error\\FatalError(code: 0): Error: Maximum execution time of 30 seconds exceeded at /Users/yazanaakel/Sites/localhost/vendor/symfony/symfony/src/Symfony/Component/Translation/Util/XliffUtils.php:68)"} []
[2024-05-13 05:05:27] request.INFO: Matched route "admin_mbo_catalog_module". {"route":"admin_mbo_catalog_module","route_parameters":{"_route":"admin_mbo_catalog_module","_controller":"mbo.controller.modules.catalog:indexAction","_legacy_controller":"AdminPsMboModule","_legacy_link":["AdminPsMboModuleParent","AdminPsMboModule"]},"request_uri":"http://localhost:8888/backoffice/index.php/modules/mbo/modules/catalog/?_token=FCgq2MOnLCGhwDNrkTEYA39FbBfAZSifYg_vesZqunw","method":"GET"} []
[2024-05-13 05:05:33] security.DEBUG: Read existing security token from the session. {"key":"_security_main","token_class":"Symfony\\Component\\Security\\Core\\Authentication\\Token\\UsernamePasswordToken"} []
[2024-05-13 05:05:33] security.DEBUG: User was reloaded from a user provider. {"provider":"PrestaShopBundle\\Security\\Admin\\EmployeeProvider","username":"yazan.aakel@gmail.com"} []
[2024-05-13 05:05:45] request.CRITICAL: Uncaught PHP Exception Symfony\Component\ErrorHandler\Error\FatalError: "Error: Maximum execution time of 30 seconds exceeded" at /Users/yazanaakel/Sites/localhost/vendor/guzzlehttp/guzzle/src/Handler/CurlFactory.php line 563 {"exception":"[object] (Symfony\\Component\\ErrorHandler\\Error\\FatalError(code: 0): Error: Maximum execution time of 30 seconds exceeded at /Users/yazanaakel/Sites/localhost/vendor/guzzlehttp/guzzle/src/Handler/CurlFactory.php:563)"} []
[2024-05-13 05:05:45] security.DEBUG: Stored the security token in the session. {"key":"_security_main"} []
[2024-05-13 05:05:28] request.INFO: Matched route "admin_mbo_catalog_module". {"route":"admin_mbo_catalog_module","route_parameters":{"_route":"admin_mbo_catalog_module","_controller":"mbo.controller.modules.catalog:indexAction","_legacy_controller":"AdminPsMboModule","_legacy_link":["AdminPsMboModuleParent","AdminPsMboModule"]},"request_uri":"http://localhost:8888/backoffice/index.php/modules/mbo/modules/catalog/?_token=FCgq2MOnLCGhwDNrkTEYA39FbBfAZSifYg_vesZqunw","method":"GET"} []
[2024-05-13 05:05:45] security.DEBUG: Read existing security token from the session. {"key":"_security_main","token_class":"Symfony\\Component\\Security\\Core\\Authentication\\Token\\UsernamePasswordToken"} []
[2024-05-13 05:05:45] security.DEBUG: User was reloaded from a user provider. {"provider":"PrestaShopBundle\\Security\\Admin\\EmployeeProvider","username":"yazan.aakel@gmail.com"} []
[2024-05-13 05:05:48] request.CRITICAL: Uncaught PHP Exception Symfony\Component\ErrorHandler\Error\FatalError: "Error: Maximum execution time of 30 seconds exceeded" at /Users/yazanaakel/Sites/localhost/vendor/nikic/php-parser/lib/PhpParser/Lexer.php line 231 {"exception":"[object] (Symfony\\Component\\ErrorHandler\\Error\\FatalError(code: 0): Error: Maximum execution time of 30 seconds exceeded at /Users/yazanaakel/Sites/localhost/vendor/nikic/php-parser/lib/PhpParser/Lexer.php:231)"} []
[2024-05-13 05:05:48] security.DEBUG: Stored the security token in the session. {"key":"_security_main"} []
[2024-05-13 05:08:03] request.INFO: Matched route "admin_module_manage_action". {"route":"admin_module_manage_action","route_parameters":{"_route":"admin_module_manage_action","_controller":"PrestaShopBundle\\Controller\\Admin\\Improve\\ModuleController::moduleAction","action":"enable","module_name":"kanguro"},"request_uri":"http://localhost:8888/backoffice/index.php/improve/modules/manage/action/enable/kanguro?_token=FCgq2MOnLCGhwDNrkTEYA39FbBfAZSifYg_vesZqunw","method":"POST"} []
[2024-05-13 05:08:06] security.DEBUG: Read existing security token from the session. {"key":"_security_main","token_class":"Symfony\\Component\\Security\\Core\\Authentication\\Token\\UsernamePasswordToken"} []
[2024-05-13 05:08:06] security.DEBUG: User was reloaded from a user provider. {"provider":"PrestaShopBundle\\Security\\Admin\\EmployeeProvider","username":"yazan.aakel@gmail.com"} []
[2024-05-13 05:08:11] app.INFO: Protect vendor folder in module kanguro [] []
[2024-05-13 05:08:11] app.INFO: Module kanguro has no vendor folder [] []
[2024-05-13 05:08:12] request.CRITICAL: Uncaught PHP Exception Symfony\Component\ErrorHandler\Error\FatalError: "Error: Maximum execution time of 30 seconds exceeded" at /Users/yazanaakel/Sites/localhost/vendor/nikic/php-parser/lib/PhpParser/Parser/Php7.php line 1938 {"exception":"[object] (Symfony\\Component\\ErrorHandler\\Error\\FatalError(code: 0): Error: Maximum execution time of 30 seconds exceeded at /Users/yazanaakel/Sites/localhost/vendor/nikic/php-parser/lib/PhpParser/Parser/Php7.php:1938)"} []
[2024-05-13 05:08:12] security.DEBUG: Stored the security token in the session. {"key":"_security_main"} []
